<?xml version="1.0" encoding="UTF-8"?>
<!-- Generated by org.testng.reporters.JUnitReportReporter -->
<testsuite hostname="DESKTOP-T7FM6O6" failures="0" tests="2" name="com.Banking_Project.testCases.TC_LoginTest_001" time="5.693" errors="0" timestamp="2021-01-25T00:22:35 IST" skipped="0">
  <testcase classname="com.Banking_Project.testCases.TC_LoginTest_001" name="loginTest" time="2.216"/>
  <system-out/>
  <testcase classname="com.Banking_Project.testCases.TC_LoginTest_001" name="loginTest" time="3.477"/>
  <system-out/>
</testsuite> <!-- com.Banking_Project.testCases.TC_LoginTest_001 -->
